2015/12/16 1:52:14 にビルドを開始しました。
     1>ノード 2 上のプロジェクト "C:\Users\regus_desktop\Documents\Visual Studio 2013\Projects\komachi\komachi\komachi.vcxproj" (Build ターゲット)。
     1>ClCompile:
         C:\Program Files (x86)\Microsoft Visual Studio 12.0\VC\bin\CL.exe /c /ZI /nologo /W3 /WX- /sdl /Od /Oy- /D WIN32 /D _DEBUG /D _CONSOLE /D _LIB /D _UNICODE /D UNICODE /Gm /EHsc /RTC1 /MDd /GS /fp:precise /Zc:wchar_t /Zc:forScope /Fo"Debug\\" /Fd"Debug\vc120.pdb" /Gd /TC /analyze- /errorReport:prompt komachi.c
         komachi.c
     1>c:\program files (x86)\microsoft visual studio 12.0\vc\include\xtgmath.h(214): warning C4602: #pragma pop_macro : 'new' この識別子に対する前の #pragma push_macro がありません。
     1>c:\program files (x86)\microsoft visual studio 12.0\vc\include\xtgmath.h(215): warning C4193: #pragma warning(pop) : 一致する '#pragma warning(push)' がありません
     1>c:\program files (x86)\microsoft visual studio 12.0\vc\include\xtgmath.h(216): warning C4161: #pragma pack(pop...) : ポップがプッシュの回数を上回っています。
     1>c:\program files (x86)\microsoft visual studio 12.0\vc\include\cmath(23): error C2061: 構文エラー : 識別子 'abs'
     1>c:\program files (x86)\microsoft visual studio 12.0\vc\include\cmath(23): error C2059: 構文エラー : ';'
     1>c:\program files (x86)\microsoft visual studio 12.0\vc\include\cmath(23): error C2061: 構文エラー : 識別子 'acos'
     1>c:\program files (x86)\microsoft visual studio 12.0\vc\include\cmath(23): error C2061: 構文エラー : 識別子 'asin'
     1>c:\program files (x86)\microsoft visual studio 12.0\vc\include\cmath(24): error C2061: 構文エラー : 識別子 'atan'
     1>c:\program files (x86)\microsoft visual studio 12.0\vc\include\cmath(24): error C2059: 構文エラー : ';'
     1>c:\program files (x86)\microsoft visual studio 12.0\vc\include\cmath(24): error C2061: 構文エラー : 識別子 'atan2'
     1>c:\program files (x86)\microsoft visual studio 12.0\vc\include\cmath(24): error C2061: 構文エラー : 識別子 'ceil'
     1>c:\program files (x86)\microsoft visual studio 12.0\vc\include\cmath(25): error C2061: 構文エラー : 識別子 'cos'
     1>c:\program files (x86)\microsoft visual studio 12.0\vc\include\cmath(25): error C2059: 構文エラー : ';'
     1>c:\program files (x86)\microsoft visual studio 12.0\vc\include\cmath(25): error C2061: 構文エラー : 識別子 'cosh'
     1>c:\program files (x86)\microsoft visual studio 12.0\vc\include\cmath(25): error C2061: 構文エラー : 識別子 'exp'
     1>c:\program files (x86)\microsoft visual studio 12.0\vc\include\cmath(26): error C2061: 構文エラー : 識別子 'fabs'
     1>c:\program files (x86)\microsoft visual studio 12.0\vc\include\cmath(26): error C2059: 構文エラー : ';'
     1>c:\program files (x86)\microsoft visual studio 12.0\vc\include\cmath(26): error C2061: 構文エラー : 識別子 'floor'
     1>c:\program files (x86)\microsoft visual studio 12.0\vc\include\cmath(26): error C2061: 構文エラー : 識別子 'fmod'
     1>c:\program files (x86)\microsoft visual studio 12.0\vc\include\cmath(27): error C2061: 構文エラー : 識別子 'frexp'
     1>c:\program files (x86)\microsoft visual studio 12.0\vc\include\cmath(27): error C2059: 構文エラー : ';'
     1>c:\program files (x86)\microsoft visual studio 12.0\vc\include\cmath(27): error C2061: 構文エラー : 識別子 'ldexp'
     1>c:\program files (x86)\microsoft visual studio 12.0\vc\include\cmath(27): error C2061: 構文エラー : 識別子 'log'
     1>c:\program files (x86)\microsoft visual studio 12.0\vc\include\cmath(28): error C2061: 構文エラー : 識別子 'log10'
     1>c:\program files (x86)\microsoft visual studio 12.0\vc\include\cmath(28): error C2059: 構文エラー : ';'
     1>c:\program files (x86)\microsoft visual studio 12.0\vc\include\cmath(28): error C2061: 構文エラー : 識別子 'modf'
     1>c:\program files (x86)\microsoft visual studio 12.0\vc\include\cmath(28): error C2061: 構文エラー : 識別子 'pow'
     1>c:\program files (x86)\microsoft visual studio 12.0\vc\include\cmath(29): error C2061: 構文エラー : 識別子 'sin'
     1>c:\program files (x86)\microsoft visual studio 12.0\vc\include\cmath(29): error C2059: 構文エラー : ';'
     1>c:\program files (x86)\microsoft visual studio 12.0\vc\include\cmath(29): error C2061: 構文エラー : 識別子 'sinh'
     1>c:\program files (x86)\microsoft visual studio 12.0\vc\include\cmath(29): error C2061: 構文エラー : 識別子 'sqrt'
     1>c:\program files (x86)\microsoft visual studio 12.0\vc\include\cmath(30): error C2061: 構文エラー : 識別子 'tan'
     1>c:\program files (x86)\microsoft visual studio 12.0\vc\include\cmath(30): error C2059: 構文エラー : ';'
     1>c:\program files (x86)\microsoft visual studio 12.0\vc\include\cmath(30): error C2061: 構文エラー : 識別子 'tanh'
     1>c:\program files (x86)\microsoft visual studio 12.0\vc\include\cmath(32): error C2061: 構文エラー : 識別子 'acosf'
     1>c:\program files (x86)\microsoft visual studio 12.0\vc\include\cmath(32): error C2059: 構文エラー : ';'
     1>c:\program files (x86)\microsoft visual studio 12.0\vc\include\cmath(32): error C2061: 構文エラー : 識別子 'asinf'
     1>c:\program files (x86)\microsoft visual studio 12.0\vc\include\cmath(33): error C2061: 構文エラー : 識別子 'atanf'
     1>c:\program files (x86)\microsoft visual studio 12.0\vc\include\cmath(33): error C2059: 構文エラー : ';'
     1>c:\program files (x86)\microsoft visual studio 12.0\vc\include\cmath(33): error C2061: 構文エラー : 識別子 'atan2f'
     1>c:\program files (x86)\microsoft visual studio 12.0\vc\include\cmath(33): error C2061: 構文エラー : 識別子 'ceilf'
     1>c:\program files (x86)\microsoft visual studio 12.0\vc\include\cmath(34): error C2061: 構文エラー : 識別子 'cosf'
     1>c:\program files (x86)\microsoft visual studio 12.0\vc\include\cmath(34): error C2059: 構文エラー : ';'
     1>c:\program files (x86)\microsoft visual studio 12.0\vc\include\cmath(34): error C2061: 構文エラー : 識別子 'coshf'
     1>c:\program files (x86)\microsoft visual studio 12.0\vc\include\cmath(34): error C2061: 構文エラー : 識別子 'expf'
     1>c:\program files (x86)\microsoft visual studio 12.0\vc\include\cmath(35): error C2061: 構文エラー : 識別子 'fabsf'
     1>c:\program files (x86)\microsoft visual studio 12.0\vc\include\cmath(35): error C2059: 構文エラー : ';'
     1>c:\program files (x86)\microsoft visual studio 12.0\vc\include\cmath(35): error C2061: 構文エラー : 識別子 'floorf'
     1>c:\program files (x86)\microsoft visual studio 12.0\vc\include\cmath(35): error C2061: 構文エラー : 識別子 'fmodf'
     1>c:\program files (x86)\microsoft visual studio 12.0\vc\include\cmath(36): error C2061: 構文エラー : 識別子 'frexpf'
     1>c:\program files (x86)\microsoft visual studio 12.0\vc\include\cmath(36): error C2059: 構文エラー : ';'
     1>c:\program files (x86)\microsoft visual studio 12.0\vc\include\cmath(36): error C2061: 構文エラー : 識別子 'ldexpf'
     1>c:\program files (x86)\microsoft visual studio 12.0\vc\include\cmath(36): error C2061: 構文エラー : 識別子 'logf'
     1>c:\program files (x86)\microsoft visual studio 12.0\vc\include\cmath(37): error C2061: 構文エラー : 識別子 'log10f'
     1>c:\program files (x86)\microsoft visual studio 12.0\vc\include\cmath(37): error C2059: 構文エラー : ';'
     1>c:\program files (x86)\microsoft visual studio 12.0\vc\include\cmath(37): error C2061: 構文エラー : 識別子 'modff'
     1>c:\program files (x86)\microsoft visual studio 12.0\vc\include\cmath(37): error C2061: 構文エラー : 識別子 'powf'
     1>c:\program files (x86)\microsoft visual studio 12.0\vc\include\cmath(38): error C2061: 構文エラー : 識別子 'sinf'
     1>c:\program files (x86)\microsoft visual studio 12.0\vc\include\cmath(38): error C2059: 構文エラー : ';'
     1>c:\program files (x86)\microsoft visual studio 12.0\vc\include\cmath(38): error C2061: 構文エラー : 識別子 'sinhf'
     1>c:\program files (x86)\microsoft visual studio 12.0\vc\include\cmath(38): error C2061: 構文エラー : 識別子 'sqrtf'
     1>c:\program files (x86)\microsoft visual studio 12.0\vc\include\cmath(39): error C2061: 構文エラー : 識別子 'tanf'
     1>c:\program files (x86)\microsoft visual studio 12.0\vc\include\cmath(39): error C2059: 構文エラー : ';'
     1>c:\program files (x86)\microsoft visual studio 12.0\vc\include\cmath(39): error C2061: 構文エラー : 識別子 'tanhf'
     1>c:\program files (x86)\microsoft visual studio 12.0\vc\include\cmath(41): error C2061: 構文エラー : 識別子 'acosl'
     1>c:\program files (x86)\microsoft visual studio 12.0\vc\include\cmath(41): error C2059: 構文エラー : ';'
     1>c:\program files (x86)\microsoft visual studio 12.0\vc\include\cmath(41): error C2061: 構文エラー : 識別子 'asinl'
     1>c:\program files (x86)\microsoft visual studio 12.0\vc\include\cmath(42): error C2061: 構文エラー : 識別子 'atanl'
     1>c:\program files (x86)\microsoft visual studio 12.0\vc\include\cmath(42): error C2059: 構文エラー : ';'
     1>c:\program files (x86)\microsoft visual studio 12.0\vc\include\cmath(42): error C2061: 構文エラー : 識別子 'atan2l'
     1>c:\program files (x86)\microsoft visual studio 12.0\vc\include\cmath(42): error C2061: 構文エラー : 識別子 'ceill'
     1>c:\program files (x86)\microsoft visual studio 12.0\vc\include\cmath(43): error C2061: 構文エラー : 識別子 'cosl'
     1>c:\program files (x86)\microsoft visual studio 12.0\vc\include\cmath(43): error C2059: 構文エラー : ';'
     1>c:\program files (x86)\microsoft visual studio 12.0\vc\include\cmath(43): error C2061: 構文エラー : 識別子 'coshl'
     1>c:\program files (x86)\microsoft visual studio 12.0\vc\include\cmath(43): error C2061: 構文エラー : 識別子 'expl'
     1>c:\program files (x86)\microsoft visual studio 12.0\vc\include\cmath(44): error C2061: 構文エラー : 識別子 'fabsl'
     1>c:\program files (x86)\microsoft visual studio 12.0\vc\include\cmath(44): error C2059: 構文エラー : ';'
     1>c:\program files (x86)\microsoft visual studio 12.0\vc\include\cmath(44): error C2061: 構文エラー : 識別子 'floorl'
     1>c:\program files (x86)\microsoft visual studio 12.0\vc\include\cmath(44): error C2061: 構文エラー : 識別子 'fmodl'
     1>c:\program files (x86)\microsoft visual studio 12.0\vc\include\cmath(45): error C2061: 構文エラー : 識別子 'frexpl'
     1>c:\program files (x86)\microsoft visual studio 12.0\vc\include\cmath(45): error C2059: 構文エラー : ';'
     1>c:\program files (x86)\microsoft visual studio 12.0\vc\include\cmath(45): error C2061: 構文エラー : 識別子 'ldexpl'
     1>c:\program files (x86)\microsoft visual studio 12.0\vc\include\cmath(45): error C2061: 構文エラー : 識別子 'logl'
     1>c:\program files (x86)\microsoft visual studio 12.0\vc\include\cmath(46): error C2061: 構文エラー : 識別子 'log10l'
     1>c:\program files (x86)\microsoft visual studio 12.0\vc\include\cmath(46): error C2059: 構文エラー : ';'
     1>c:\program files (x86)\microsoft visual studio 12.0\vc\include\cmath(46): error C2061: 構文エラー : 識別子 'modfl'
     1>c:\program files (x86)\microsoft visual studio 12.0\vc\include\cmath(46): error C2061: 構文エラー : 識別子 'powl'
     1>c:\program files (x86)\microsoft visual studio 12.0\vc\include\cmath(47): error C2061: 構文エラー : 識別子 'sinl'
     1>c:\program files (x86)\microsoft visual studio 12.0\vc\include\cmath(47): error C2059: 構文エラー : ';'
     1>c:\program files (x86)\microsoft visual studio 12.0\vc\include\cmath(47): error C2061: 構文エラー : 識別子 'sinhl'
     1>c:\program files (x86)\microsoft visual studio 12.0\vc\include\cmath(47): error C2061: 構文エラー : 識別子 'sqrtl'
     1>c:\program files (x86)\microsoft visual studio 12.0\vc\include\cmath(48): error C2061: 構文エラー : 識別子 'tanl'
     1>c:\program files (x86)\microsoft visual studio 12.0\vc\include\cmath(48): error C2059: 構文エラー : ';'
     1>c:\program files (x86)\microsoft visual studio 12.0\vc\include\cmath(48): error C2061: 構文エラー : 識別子 'tanhl'
     1>c:\program files (x86)\microsoft visual studio 12.0\vc\include\cmath(50): error C2054: 'using' の後に '(' が必要です。
     1>c:\program files (x86)\microsoft visual studio 12.0\vc\include\cmath(50): error C2061: 構文エラー : 識別子 'using'
     1>c:\program files (x86)\microsoft visual studio 12.0\vc\include\cmath(52): error C2061: 構文エラー : 識別子 'acosh'
     1>c:\program files (x86)\microsoft visual studio 12.0\vc\include\cmath(52): error C2059: 構文エラー : ';'
     1>c:\program files (x86)\microsoft visual studio 12.0\vc\include\cmath(52): error C2061: 構文エラー : 識別子 'asinh'
     1>c:\program files (x86)\microsoft visual studio 12.0\vc\include\cmath(52): error C2061: 構文エラー : 識別子 'atanh'
     1>c:\program files (x86)\microsoft visual studio 12.0\vc\include\cmath(53): error C2061: 構文エラー : 識別子 'cbrt'
     1>c:\program files (x86)\microsoft visual studio 12.0\vc\include\cmath(53): error C2059: 構文エラー : ';'
     1>c:\program files (x86)\microsoft visual studio 12.0\vc\include\cmath(53): error C2061: 構文エラー : 識別子 'erf'
     1>c:\program files (x86)\microsoft visual studio 12.0\vc\include\cmath(53): error C2061: 構文エラー : 識別子 'erfc'
     1>c:\program files (x86)\microsoft visual studio 12.0\vc\include\cmath(53): fatal error C1003: プログラム内のエラーが 100 個を超えました。コンパイルは中断されます。
     1>プロジェクト "C:\Users\regus_desktop\Documents\Visual Studio 2013\Projects\komachi\komachi\komachi.vcxproj" (Build ターゲット) のビルドが終了しました -- 失敗。

ビルドに失敗しました。

経過時間 00:00:01.17
